<?xml version="1.0" encoding="UTF-8"?>
<testng-results skipped="0" failed="0" ignored="0" total="1" passed="1">
  <reporter-output>
  </reporter-output>
  <suite name="Default suite" duration-ms="51" started-at="2020-03-15T12:10:36 IST" finished-at="2020-03-15T12:10:36 IST">
    <groups>
    </groups>
    <test name="Default test" duration-ms="51" started-at="2020-03-15T12:10:36 IST" finished-at="2020-03-15T12:10:36 IST">
      <class name="com.project.SuiteA.TC_001">
        <test-method status="PASS" signature="startProcess()[pri:0, instance:com.project.SuiteA.TC_001@3a883ce7]" name="startProcess" is-config="true" duration-ms="14" started-at="2020-03-15T12:10:36 IST" finished-at="2020-03-15T12:10:36 IST">
          <reporter-output>
          </reporter-output>
        </test-method> <!-- startProcess -->
        <test-method status="PASS" signature="amazon()[pri:0, instance:com.project.SuiteA.TC_001@3a883ce7]" name="amazon" duration-ms="4" started-at="2020-03-15T12:10:36 IST" finished-at="2020-03-15T12:10:36 IST">
          <reporter-output>
          </reporter-output>
        </test-method> <!-- amazon -->
      </class> <!-- com.project.SuiteA.TC_001 -->
    </test> <!-- Default test -->
  </suite> <!-- Default suite -->
</testng-results>
